[INFO] Scanning for projects...
[INFO] 
[INFO] ----------< org.example.valpak_poc.job:JDWilliams_refactored >----------
[INFO] Building VALPAK_POC JDWilliams_refactored-0.1.0 (0.1,Job Designs) 0.1.0
[INFO]   from pom.xml
[INFO] --------------------------------[ jar ]---------------------------------
[WARNING] The POM for com.google.auto:auto-common:jar:0.3 is missing, no dependency information available
[WARNING] The POM for com.google.auto.service:auto-service:jar:1.0-rc2 is missing, no dependency information available
[WARNING] The POM for org.checkerframework:checker-qual:jar:3.5.0 is missing, no dependency information available
[WARNING] The POM for org.talend.components:components-api:jar:0.37.39 is missing, no dependency information available
[WARNING] The POM for org.talend.components:components-common:jar:0.37.39 is missing, no dependency information available
[WARNING] The POM for org.talend.components:components-datastewardship:jar:0.37.39 is missing, no dependency information available
[WARNING] The POM for org.talend.components:datastewardship-client:jar:0.37.39 is missing, no dependency information available
[WARNING] The POM for com.google.errorprone:error_prone_annotations:jar:2.3.4 is missing, no dependency information available
[WARNING] The POM for org.apache.httpcomponents:fluent-hc:jar:4.5.13 is missing, no dependency information available
[WARNING] The POM for com.google.guava:guava:jar:32.1.2-jre is missing, no dependency information available
[WARNING] The POM for com.google.j2objc:j2objc-annotations:jar:1.3 is missing, no dependency information available
[WARNING] The POM for javax.annotation:javax.annotation-api:jar:1.3 is missing, no dependency information available
[WARNING] The POM for com.github.stephenc.jcip:jcip-annotations:jar:1.0-1 is missing, no dependency information available
[WARNING] The POM for joda-time:joda-time:jar:2.8.2 is missing, no dependency information available
[WARNING] The POM for com.google.code.findbugs:jsr305:jar:1.3.9 is missing, no dependency information available
[WARNING] The POM for org.projectlombok:lombok:jar:1.18.24 is missing, no dependency information available
[WARNING] The POM for org.apache.maven.resolver:maven-resolver-api:jar:1.8.2 is missing, no dependency information available
[WARNING] The POM for org.apache.maven.resolver:maven-resolver-impl:jar:1.8.2 is missing, no dependency information available
[WARNING] The POM for org.apache.maven.resolver:maven-resolver-named-locks:jar:1.8.2 is missing, no dependency information available
[WARNING] The POM for org.apache.maven.resolver:maven-resolver-spi:jar:1.8.2 is missing, no dependency information available
[WARNING] The POM for org.apache.maven.resolver:maven-resolver-util:jar:1.8.2 is missing, no dependency information available
[WARNING] The POM for com.nimbusds:nimbus-jose-jwt:jar:9.37.3 is missing, no dependency information available
[WARNING] The POM for org.osgi:org.osgi.service.component.annotations:jar:1.3.0 is missing, no dependency information available
[WARNING] The POM for org.ops4j.pax.url:pax-url-aether:jar:2.6.12 is missing, no dependency information available
[WARNING] The POM for org.ops4j.pax.url:pax-url-aether-support:jar:2.6.12 is missing, no dependency information available
[WARNING] The POM for org.talend.components:talendcsv:jar:1.1.0 is missing, no dependency information available
[WARNING] The POM for com.fasterxml.jackson.core:jackson-core:jar:2.14.0 is missing, no dependency information available
[WARNING] The POM for com.fasterxml.jackson.core:jackson-annotations:jar:2.14.0 is missing, no dependency information available
[WARNING] The POM for org.ow2.asm:asm:jar:9.3 is missing, no dependency information available
[INFO] 
[INFO] --- resources:3.3.1:resources (default-resources) @ JDWilliams_refactored ---
[WARNING] Using platform encoding (UTF-8 actually) to copy filtered resources, i.e. build is platform dependent!
[INFO] Copying 1 resource from src\main\resources to target\classes
[INFO] 
[INFO] --- compiler:3.11.0:compile (default-compile) @ JDWilliams_refactored ---
[WARNING] The POM for org.bouncycastle:bcpg-jdk18on:jar:1.77 is missing, no dependency information available
[WARNING] The POM for org.bouncycastle:bcprov-jdk18on:jar:1.77 is missing, no dependency information available
[WARNING] The POM for commons-codec:commons-codec:jar:1.17.0 is missing, no dependency information available
[WARNING] The POM for commons-io:commons-io:jar:2.16.1 is missing, no dependency information available
[WARNING] The POM for org.slf4j:slf4j-api:jar:2.0.13 is missing, no dependency information available
[WARNING] The POM for org.apache.commons:commons-compress:jar:1.23.0 is missing, no dependency information available
[WARNING] The POM for commons-io:commons-io:jar:2.6 is missing, no dependency information available
[INFO] Not compiling main sources
[INFO] 
[INFO] --- resources:3.3.1:testResources (default-testResources) @ JDWilliams_refactored ---
[INFO] Not copying test resources
[INFO] 
[INFO] --- compiler:3.11.0:testCompile (default-testCompile) @ JDWilliams_refactored ---
[INFO] Not compiling test sources
[INFO] 
[INFO] --- surefire:3.3.0:test (default-test) @ JDWilliams_refactored ---
[INFO] Tests are skipped.
[INFO] 
[INFO] --- jar:3.3.0:jar (default-jar) @ JDWilliams_refactored ---
[WARNING] The POM for org.codehaus.plexus:plexus-archiver:jar:4.4.0 is missing, no dependency information available
[INFO] Building jar: C:\Temp\Talend-Studio-20240527_1700-V8.0.1\workspace\VALPAK_POC\poms\jobs\process\valpak_poc\jdwilliams_refactored_0.1\target\jdwilliams_refactored_0_1.jar
[INFO] 
[INFO] --- assembly:3.6.0:single (default) @ JDWilliams_refactored ---
[WARNING] The POM for org.slf4j:slf4j-api:jar:1.7.30 is missing, no dependency information available
[WARNING] The POM for com.google.guava:guava:jar:25.1-android is missing, no dependency information available
[INFO] Reading assembly descriptor: C:\Temp\Talend-Studio-20240527_1700-V8.0.1\workspace\VALPAK_POC\poms\jobs\process\valpak_poc\jdwilliams_refactored_0.1/src/main/assemblies/assembly.xml
[WARNING] Failed to build parent project for org.apache.commons:commons-text:jar:1.10.0
[INFO] Building zip: C:\Temp\Talend-Studio-20240527_1700-V8.0.1\workspace\VALPAK_POC\poms\jobs\process\valpak_poc\jdwilliams_refactored_0.1\target\jdwilliams_refactored_0_1.zip
[INFO] 
[INFO] --- signer:8.0.13:sign (sign) @ JDWilliams_refactored ---
[WARNING] The POM for org.codehaus.plexus:plexus-utils:jar:1.5.5 is missing, no dependency information available
[INFO] Start to sign the job artifact
[INFO] Start to sign artifact, the source file is jdwilliams_refactored_0_1.zip and target file is jdwilliams_refactored_0_1_sign_.zip
[INFO] ------------------------------------------------------------------------
[INFO] BUILD SUCCESS
[INFO] ------------------------------------------------------------------------
[INFO] Total time:  16.824 s
[INFO] Finished at: 2024-12-10T13:10:25Z
[INFO] ------------------------------------------------------------------------
