 * Task [Fix a problem of project resources linked to items] : Nothing to do
 * Task [UpdateTMultiPatternCheckTask] : Applied successfully
 * Task [Update parameter "Matching Algorithm" value for MR tMatchgroup] : Nothing to do
 * Task [Update tMelissaDataAddress to add a GeoCodeResult column and an advanced parameter] : Nothing to do
 * Task [UpdatetNaivebayseModelSparkVersionTask] : Nothing to do
 * Task [UpdatetPredictSparkVersionTask] : Nothing to do
 * Task [UpdateTMatchGroupOutPutSchemaTask] : Nothing to do
 * Task [update tPatternCheck and tPatternExtract] : Nothing to do
 * Task [UpdateTMultiPatternTableParamTask] : Nothing to do
 * Task [Update TmatchGroup "ComputeGrpQuality" Param] : Nothing to do
 * Task [UpdateTStandadizePhoneNumberTask] : Nothing to do
 * Task [UpdateTDataMaskAddParamTask] : Nothing to do
 * Task [UpdateTmatchGroupGIDLengthTask] : Nothing to do
 * Task [UpdateTDataEncryptAndDecryptParamTask] : Nothing to do
 * Task [UpdateTDataQualityRulesWebAppTask] : Nothing to do
 * Task [AutoUpdateRelationsMigrationTask] : Applied successfully
 ---=== End of migration ===---
 ---=== Start Migration of project valpak_poc ===---
 * Task [ResetMavenTemplateMigrationTask] : Applied successfully
 * Task [IcebergInputUseSQLQuery] : Nothing to do
 * Task [Fix a problem of project resources linked to items] : Nothing to do
 * Task [UnifyPasswordEncryption4NoSQLConnectionMigrationTask] : Nothing to do
 * Task [ChangeMongoDBConnectionMinimalVersionMigrationTask] : Nothing to do
 * Task [FixCassandraDataStaxDbtypesProblemMigrationTask] : Nothing to do
 * Task [AutoUpdateRelationsMigrationTask] : Applied successfully
 ---=== End of migration ===---
